<?xml version="1.0" encoding="UTF-8"?>
<!-- Generated by org.testng.reporters.JUnitReportReporter -->
<testsuite hostname="DESKTOP-CL6B6RR" failures="0" tests="1" name="TATA_AIG.insuredPageTestCase" time="67.199" errors="0" timestamp="2025-03-19T11:28:16 IST" skipped="0">
  <testcase classname="TATA_AIG.insuredPageTestCase" name="verifyTheWeughtFieldAcceptTheSpecialCharctersOrNot" time="67.199"/>
  <system-out/>
</testsuite> <!-- TATA_AIG.insuredPageTestCase -->
