<?xml version="1.0" encoding="UTF-8"?>
<!-- Generated by org.testng.reporters.JUnitReportReporter -->
<testsuite hostname="DESKTOP-CL6B6RR" failures="0" tests="1" name="com.motorNewINdia.newIndiaProduct" time="15.808" errors="0" timestamp="2024-12-19T15:12:34 IST" skipped="0">
  <testcase classname="com.motorNewINdia.newIndiaProduct" name="verifyTheAllKindOfVehiclesAreClickable" time="15.808"/>
  <system-out/>
</testsuite> <!-- com.motorNewINdia.newIndiaProduct -->
