<?xml version="1.0" encoding="UTF-8"?>
<!-- Generated by org.testng.reporters.JUnitReportReporter -->
<testsuite hostname="DESKTOP-CL6B6RR" failures="0" tests="1" name="TATA_AIG.nomineePageTestCase" time="81.583" errors="0" timestamp="2025-03-19T11:29:53 IST" skipped="0">
  <testcase classname="TATA_AIG.nomineePageTestCase" name="verifyTheNomineeNameFieldNotAcceptNumbers" time="81.583"/>
  <system-out/>
</testsuite> <!-- TATA_AIG.nomineePageTestCase -->
