<?xml version="1.0" encoding="UTF-8"?>
<!-- Generated by org.testng.reporters.JUnitReportReporter -->
<testsuite hostname="DESKTOP-CL6B6RR" failures="0" tests="6" name="TATA_AIG.proposerPageTestCase" time="368.161" errors="0" timestamp="2025-03-07T16:14:10 IST" skipped="0">
  <testcase classname="TATA_AIG.proposerPageTestCase" name="vreifyProposerLastNameFieldAcceptTheAlphabetCharacters" time="60.396"/>
  <system-out/>
  <testcase classname="TATA_AIG.proposerPageTestCase" name="verifyFirstNameRejectsHTMLTags" time="61.263"/>
  <system-out/>
  <testcase classname="TATA_AIG.proposerPageTestCase" name="verifyPinCodeFiledNotAcceptTheChracters" time="61.546"/>
  <system-out/>
  <testcase classname="TATA_AIG.proposerPageTestCase" name="verifyFirstNameMinimumLength" time="60.414"/>
  <system-out/>
  <testcase classname="TATA_AIG.proposerPageTestCase" name="verifyPinCodeFiledNotAcceptTheSpecialChracters" time="62.225"/>
  <system-out/>
  <testcase classname="TATA_AIG.proposerPageTestCase" name="verifyLastNameRejectsHTMLTags" time="62.317"/>
  <system-out/>
</testsuite> <!-- TATA_AIG.proposerPageTestCase -->
