<?xml version="1.0" encoding="UTF-8"?>
<!-- Generated by org.testng.reporters.JUnitReportReporter -->
<testsuite hostname="DESKTOP-CL6B6RR" failures="0" tests="1" name="TATA_AIG.proposerPageTestCase" time="76.782" errors="0" timestamp="2025-03-19T11:28:16 IST" skipped="0">
  <testcase classname="TATA_AIG.proposerPageTestCase" name="verifyTryToMoveNextPageWhenNotProvideLastName" time="76.782"/>
  <system-out/>
</testsuite> <!-- TATA_AIG.proposerPageTestCase -->
