<?xml version="1.0" encoding="UTF-8"?>
<!-- Generated by org.testng.reporters.JUnitReportReporter -->
<testsuite hostname="DESKTOP-CL6B6RR" failures="0" tests="1" name="testSatr.TestStar" time="81.553" errors="0" timestamp="2025-03-03T17:45:29 IST" skipped="0">
  <testcase classname="testSatr.TestStar" name="assure" time="81.553"/>
  <system-out/>
</testsuite> <!-- testSatr.TestStar -->
