<?xml version="1.0" encoding="UTF-8"?>
<!-- Generated by org.testng.reporters.JUnitReportReporter -->
<testsuite hostname="DESKTOP-CL6B6RR" failures="0" tests="1" name="TATA_AIG.insuredPageTestCase" time="76.153" errors="0" timestamp="2025-03-05T15:23:44 IST" skipped="0">
  <testcase classname="TATA_AIG.insuredPageTestCase" name="verifyTheSameAsInsurerButtonIsClickAble" time="76.153"/>
  <system-out/>
</testsuite> <!-- TATA_AIG.insuredPageTestCase -->
