<?xml version="1.0" encoding="UTF-8"?>
<!-- Generated by org.testng.reporters.JUnitReportReporter -->
<testsuite hostname="DESKTOP-CL6B6RR" failures="0" tests="1" name="TATA_AIG.nomineePageTestCase" time="74.213" errors="0" timestamp="2025-03-07T16:20:35 IST" skipped="0">
  <testcase classname="TATA_AIG.nomineePageTestCase" name="verifyTheNomineeDobFieldNotAcceptTheCurrentDate" time="74.213"/>
  <system-out/>
</testsuite> <!-- TATA_AIG.nomineePageTestCase -->
