<?xml version="1.0" encoding="UTF-8"?>
<!-- Generated by org.testng.reporters.JUnitReportReporter -->
<testsuite hostname="DESKTOP-CL6B6RR" failures="0" tests="1" name="vizza_insurence.vizza_LogIn" time="13.950" errors="0" timestamp="2024-10-05T09:47:08 IST" skipped="0">
  <testcase classname="vizza_insurence.vizza_LogIn" name="f" time="13.950"/>
  <system-out/>
</testsuite> <!-- vizza_insurence.vizza_LogIn -->
