<?xml version="1.0" encoding="UTF-8"?>
<!-- Generated by org.testng.reporters.JUnitReportReporter -->
<testsuite hostname="DESKTOP-CL6B6RR" failures="0" tests="1" name="com.motor.NewTest" time="17.594" errors="0" timestamp="2024-10-15T15:50:28 IST" skipped="0">
  <testcase classname="com.motor.NewTest" name="login" time="17.594"/>
  <system-out/>
</testsuite> <!-- com.motor.NewTest -->
