<?xml version="1.0" encoding="UTF-8"?>
<!-- Generated by org.testng.reporters.JUnitReportReporter -->
<testsuite hostname="DESKTOP-CL6B6RR" failures="0" tests="2" name="TATA_AIG.insuredPageTestCase" time="141.138" errors="0" timestamp="2025-03-07T16:14:10 IST" skipped="0">
  <testcase classname="TATA_AIG.insuredPageTestCase" name="verifyTheWeughtFieldAcceptTheSpecialCharctersOrNot" time="68.306"/>
  <system-out/>
  <testcase classname="TATA_AIG.insuredPageTestCase" name="verifyTheFunctionalityOfNextButton" time="72.832"/>
  <system-out/>
</testsuite> <!-- TATA_AIG.insuredPageTestCase -->
