<?xml version="1.0" encoding="UTF-8"?>
<!-- Generated by org.testng.reporters.JUnitReportReporter -->
<testsuite hostname="DESKTOP-CL6B6RR" failures="0" tests="1" name="testSatr.TestStar" time="84.254" errors="0" timestamp="2025-03-17T11:01:48 IST" skipped="0">
  <testcase classname="testSatr.TestStar" name="floaterAssurePlan2A1C" time="84.254"/>
  <system-out/>
</testsuite> <!-- testSatr.TestStar -->
