<?xml version="1.0" encoding="UTF-8"?>
<!-- Generated by org.testng.reporters.JUnitReportReporter -->
<testsuite hostname="DESKTOP-CL6B6RR" failures="0" tests="1" name="testSatr.TestStar" time="108.046" errors="0" timestamp="2025-03-15T14:51:18 IST" skipped="0">
  <testcase classname="testSatr.TestStar" name="assure" time="108.046"/>
  <system-out/>
</testsuite> <!-- testSatr.TestStar -->
