<?xml version="1.0" encoding="UTF-8"?>
<!-- Generated by org.testng.reporters.JUnitReportReporter -->
<testsuite hostname="DESKTOP-CL6B6RR" failures="0" tests="1" name="testSatr.TestStar" time="91.981" errors="0" timestamp="2025-03-18T15:31:30 IST" skipped="0">
  <testcase classname="testSatr.TestStar" name="floaterAssurePlan2A1C" time="91.981"/>
  <system-out/>
</testsuite> <!-- testSatr.TestStar -->
