<?xml version="1.0" encoding="UTF-8"?>
<!-- Generated by org.testng.reporters.JUnitReportReporter -->
<testsuite hostname="DESKTOP-CL6B6RR" failures="0" tests="1" name="TATA_AIG.tataAig_testCase" time="282.539" errors="0" timestamp="2025-03-28T10:47:23 IST" skipped="0">
  <testcase classname="TATA_AIG.tataAig_testCase" name="selfFlow" time="282.539"/>
  <system-out/>
</testsuite> <!-- TATA_AIG.tataAig_testCase -->
