<?xml version="1.0" encoding="UTF-8"?>
<!-- Generated by org.testng.reporters.JUnitReportReporter -->
<testsuite hostname="DESKTOP-CL6B6RR" failures="0" tests="1" name="TATA_AIG.tataAig_testCase" time="76.019" errors="0" timestamp="2025-03-07T12:00:52 IST" skipped="0">
  <testcase classname="TATA_AIG.tataAig_testCase" name="selfFlow" time="76.019"/>
  <system-out/>
</testsuite> <!-- TATA_AIG.tataAig_testCase -->
