<?xml version="1.0" encoding="UTF-8"?>
<!-- Generated by org.testng.reporters.JUnitReportReporter -->
<testsuite hostname="DESKTOP-CL6B6RR" failures="0" tests="1" name="testSatr.loginStar" time="20.482" errors="0" timestamp="2024-10-07T10:09:56 IST" skipped="0">
  <testcase classname="testSatr.loginStar" name="loginWithValidCredentials" time="20.482"/>
  <system-out/>
</testsuite> <!-- testSatr.loginStar -->
