<?xml version="1.0" encoding="UTF-8"?>
<!-- Generated by org.testng.reporters.JUnitReportReporter -->
<testsuite hostname="DESKTOP-CL6B6RR" failures="0" tests="1" name="TATA_AIG.proposerPageTestCase" time="74.266" errors="0" timestamp="2025-03-05T11:35:39 IST" skipped="0">
  <testcase classname="TATA_AIG.proposerPageTestCase" name="verifyTryToMoveNextPageWhenNotProvideFirstName" time="74.266"/>
  <system-out/>
</testsuite> <!-- TATA_AIG.proposerPageTestCase -->
