<?xml version="1.0" encoding="UTF-8"?>
<!-- Generated by org.testng.reporters.JUnitReportReporter -->
<testsuite hostname="DESKTOP-CL6B6RR" failures="0" tests="1" name="testSatr.starFlow" time="270.242" errors="0" timestamp="2025-04-11T10:30:51 IST" skipped="0">
  <testcase classname="testSatr.starFlow" name="makePolicy" time="270.242"/>
  <system-out/>
</testsuite> <!-- testSatr.starFlow -->
